TN:
SF:src\app.js
FNF:0
FNH:0
DA:1,1
DA:2,1
DA:3,1
DA:4,1
DA:5,1
DA:6,14
DA:7,14
DA:8,14
DA:9,14
DA:10,1
DA:11,1
DA:12,1
DA:13,1
DA:14,1
DA:15,1
DA:16,1
DA:17,1
DA:18,1
DA:19,1
DA:20,1
DA:21,1
LF:21
LH:21
BRDA:5,0,0,14
BRDA:19,1,0,1
BRF:2
BRH:2
end_of_record
TN:
SF:src\controllers\auth.js
FN:5,signUp
FN:65,login
FNF:2
FNH:2
FNDA:3,signUp
FNDA:2,login
DA:1,1
DA:2,1
DA:3,1
DA:4,1
DA:5,1
DA:6,3
DA:7,3
DA:8,3
DA:9,3
DA:10,3
DA:11,0
DA:12,0
DA:13,0
DA:14,0
DA:15,3
DA:16,3
DA:17,3
DA:18,3
DA:19,3
DA:20,0
DA:21,0
DA:22,0
DA:23,0
DA:24,3
DA:25,3
DA:26,3
DA:27,3
DA:28,3
DA:29,3
DA:30,3
DA:31,3
DA:32,3
DA:33,3
DA:34,3
DA:35,3
DA:36,3
DA:37,3
DA:38,3
DA:39,3
DA:40,3
DA:41,3
DA:42,3
DA:43,3
DA:44,3
DA:45,3
DA:46,3
DA:47,3
DA:48,3
DA:49,3
DA:50,3
DA:51,3
DA:52,3
DA:53,2
DA:54,2
DA:55,2
DA:56,2
DA:57,3
DA:58,1
DA:59,1
DA:60,1
DA:61,1
DA:62,1
DA:63,3
DA:64,1
DA:65,1
DA:66,2
DA:67,2
DA:68,2
DA:69,2
DA:70,2
DA:71,0
DA:72,0
DA:73,0
DA:74,0
DA:75,2
DA:76,2
DA:77,2
DA:78,2
DA:79,2
DA:80,2
DA:81,1
DA:82,1
DA:83,1
DA:84,1
DA:85,1
DA:86,1
DA:87,1
DA:88,2
DA:89,0
DA:90,0
DA:91,0
DA:92,0
DA:93,1
DA:94,1
DA:95,1
DA:96,1
DA:97,1
DA:98,1
DA:99,1
DA:100,1
DA:101,1
DA:102,1
DA:103,1
DA:104,1
DA:105,1
DA:106,1
DA:107,1
DA:108,1
DA:109,1
DA:110,1
DA:111,1
DA:112,1
DA:113,1
DA:114,1
DA:115,1
DA:116,2
DA:117,0
DA:118,0
DA:119,0
DA:120,0
DA:121,2
DA:122,2
DA:123,1
DA:124,1
DA:125,1
DA:126,1
DA:127,1
LF:127
LH:107
BRDA:5,0,0,3
BRDA:10,1,0,0
BRDA:19,2,0,0
BRDA:52,3,0,2
BRDA:57,4,0,1
BRDA:65,5,0,2
BRDA:70,6,0,0
BRDA:80,7,0,1
BRDA:88,8,0,0
BRDA:92,9,0,1
BRDA:116,10,0,0
BRF:11
BRH:6
end_of_record
TN:
SF:src\controllers\post.js
FN:4,findPost
FN:24,newPost
FN:57,deletePost
FN:76,updatePost
FNF:4
FNH:4
FNDA:1,findPost
FNDA:1,newPost
FNDA:1,deletePost
FNDA:1,updatePost
DA:1,1
DA:2,1
DA:3,1
DA:4,1
DA:5,1
DA:6,1
DA:7,1
DA:8,1
DA:9,1
DA:10,0
DA:11,0
DA:12,0
DA:13,0
DA:14,1
DA:15,1
DA:16,1
DA:17,0
DA:18,0
DA:19,0
DA:20,0
DA:21,0
DA:22,1
DA:23,1
DA:24,1
DA:25,1
DA:26,1
DA:27,1
DA:28,1
DA:29,1
DA:30,1
DA:31,1
DA:32,1
DA:33,1
DA:34,1
DA:35,1
DA:36,1
DA:37,1
DA:38,1
DA:39,1
DA:40,1
DA:41,1
DA:42,1
DA:43,1
DA:44,1
DA:45,0
DA:46,0
DA:47,0
DA:48,0
DA:49,1
DA:50,0
DA:51,0
DA:52,0
DA:53,0
DA:54,0
DA:55,1
DA:56,1
DA:57,1
DA:58,1
DA:59,1
DA:60,1
DA:61,1
DA:62,1
DA:63,1
DA:64,1
DA:65,1
DA:66,1
DA:67,1
DA:68,1
DA:69,0
DA:70,0
DA:71,0
DA:72,0
DA:73,0
DA:74,1
DA:75,1
DA:76,1
DA:77,1
DA:78,1
DA:79,1
DA:80,1
DA:81,1
DA:82,1
DA:83,1
DA:84,1
DA:85,1
DA:86,1
DA:87,1
DA:88,1
DA:89,1
DA:90,1
DA:91,1
DA:92,1
DA:93,1
DA:94,1
DA:95,1
DA:96,0
DA:97,0
DA:98,0
DA:99,0
DA:100,0
DA:101,1
DA:102,1
DA:103,1
DA:104,1
DA:105,1
DA:106,1
DA:107,1
DA:108,1
DA:109,1
DA:110,1
LF:110
LH:82
BRDA:4,0,0,1
BRDA:9,1,0,0
BRDA:16,2,0,0
BRDA:24,3,0,1
BRDA:44,4,0,0
BRDA:49,5,0,0
BRDA:57,6,0,1
BRDA:68,7,0,0
BRDA:76,8,0,1
BRDA:95,9,0,0
BRF:10
BRH:4
end_of_record
TN:
SF:src\controllers\user.js
FN:3,getUser
FNF:1
FNH:1
FNDA:2,getUser
DA:1,1
DA:2,1
DA:3,1
DA:4,2
DA:5,2
DA:6,2
DA:7,2
DA:8,2
DA:9,1
DA:10,1
DA:11,1
DA:12,1
DA:13,1
DA:14,1
DA:15,1
DA:16,1
DA:17,1
DA:18,1
DA:19,1
DA:20,1
DA:21,1
LF:21
LH:21
BRDA:3,0,0,2
BRDA:8,1,0,1
BRF:2
BRH:2
end_of_record
TN:
SF:src\middleware\authenticate.js
FN:6,authenticate
FNF:1
FNH:1
FNDA:5,authenticate
DA:1,1
DA:2,1
DA:3,1
DA:4,1
DA:5,1
DA:6,1
DA:7,5
DA:8,5
DA:9,5
DA:10,5
DA:11,2
DA:12,2
DA:13,2
DA:14,2
DA:15,3
DA:16,3
DA:17,3
DA:18,3
DA:19,3
DA:20,3
DA:21,3
DA:22,5
DA:23,3
DA:24,3
DA:25,3
DA:26,3
DA:27,5
DA:28,0
DA:29,0
DA:30,0
DA:31,0
DA:32,0
DA:33,5
DA:34,1
DA:35,1
DA:36,1
DA:37,1
LF:37
LH:32
BRDA:6,0,0,5
BRDA:10,1,0,2
BRDA:14,2,0,3
BRDA:22,3,0,3
BRDA:27,4,0,0
BRF:5
BRH:4
end_of_record
TN:
SF:src\models\post.js
FNF:0
FNH:0
DA:1,1
DA:2,1
DA:3,1
DA:4,1
DA:5,1
DA:6,1
DA:7,1
DA:8,1
DA:9,1
DA:10,1
DA:11,1
DA:12,1
DA:13,1
DA:14,1
DA:15,1
DA:16,1
DA:17,1
DA:18,1
DA:19,1
DA:20,1
DA:21,1
DA:22,1
DA:23,1
DA:24,1
DA:25,1
DA:26,1
DA:27,1
DA:28,1
DA:29,1
DA:30,1
DA:31,1
DA:32,1
DA:33,1
DA:34,1
DA:35,1
DA:36,1
DA:37,1
DA:38,1
LF:38
LH:38
BRF:0
BRH:0
end_of_record
TN:
SF:src\models\user.js
FNF:0
FNH:0
DA:1,1
DA:2,1
DA:3,1
DA:4,1
DA:5,1
DA:6,1
DA:7,1
DA:8,1
DA:9,1
DA:10,1
DA:11,1
DA:12,1
DA:13,1
DA:14,1
DA:15,1
DA:16,1
DA:17,1
DA:18,1
DA:19,1
DA:20,1
DA:21,1
DA:22,1
DA:23,1
DA:24,1
DA:25,1
DA:26,1
LF:26
LH:26
BRF:0
BRH:0
end_of_record
TN:
SF:src\routes\auth.js
FNF:0
FNH:0
DA:1,1
DA:2,1
DA:3,1
DA:4,1
DA:5,1
DA:6,1
DA:7,1
DA:8,1
LF:8
LH:8
BRF:0
BRH:0
end_of_record
TN:
SF:src\routes\post.js
FNF:0
FNH:0
DA:1,1
DA:2,1
DA:3,1
DA:4,1
DA:5,1
DA:6,1
DA:7,1
DA:8,1
DA:9,1
DA:10,1
DA:11,1
DA:12,1
DA:13,1
DA:14,1
LF:14
LH:14
BRF:0
BRH:0
end_of_record
TN:
SF:src\routes\user.js
FNF:0
FNH:0
DA:1,1
DA:2,1
DA:3,1
DA:4,1
DA:5,1
DA:6,1
DA:7,1
DA:8,1
LF:8
LH:8
BRF:0
BRH:0
end_of_record
